-------------------------------------------------------------------------------
Test set: hello.GreetingControllerTests
-------------------------------------------------------------------------------
Tests run: 1, Failures: 0, Errors: 1, Skipped: 0, Time elapsed: 0.097 s <<< FAILURE! - in hello.GreetingControllerTests
initializationError(hello.GreetingControllerTests)  Time elapsed: 0.004 s  <<< ERROR!
java.lang.Exception: No runnable methods

